[debug] [2025-04-22T10:37:33.214Z] ----------------------------------------------------------------------
[debug] [2025-04-22T10:37:33.217Z] Command:       C:\Program Files\nodejs\node.exe C:\Users\HP\AppData\Roaming\npm\node_modules\firebase-tools\lib\bin\firebase.js emulators:start --only functions
[debug] [2025-04-22T10:37:33.218Z] CLI Version:   14.1.0
[debug] [2025-04-22T10:37:33.218Z] Platform:      win32
[debug] [2025-04-22T10:37:33.218Z] Node Version:  v22.13.0
[debug] [2025-04-22T10:37:33.218Z] Time:          Tue Apr 22 2025 13:37:33 GMT+0300 (East Africa Time)
[debug] [2025-04-22T10:37:33.218Z] ----------------------------------------------------------------------
[debug] 
[debug] [2025-04-22T10:37:33.500Z] > command requires scopes: ["email","openid","https://www.googleapis.com/auth/cloudplatformprojects.readonly","https://www.googleapis.com/auth/firebase","https://www.googleapis.com/auth/cloud-platform"]
[debug] [2025-04-22T10:37:33.501Z] > authorizing via signed-in user (yetsedawn@gmail.com)
[info] i  emulators: Starting emulators: functions {"metadata":{"emulator":{"name":"hub"},"message":"Starting emulators: functions"}}
[debug] [2025-04-22T10:37:33.511Z] [logging] Logging Emulator only supports listening on one address (127.0.0.1). Not listening on ::1
[debug] [2025-04-22T10:37:33.511Z] assigned listening specs for emulators {"user":{"hub":[{"address":"127.0.0.1","family":"IPv4","port":4400},{"address":"::1","family":"IPv6","port":4400}],"ui":[{"address":"127.0.0.1","family":"IPv4","port":4000},{"address":"::1","family":"IPv6","port":4000}],"logging":[{"address":"127.0.0.1","family":"IPv4","port":4500}]},"metadata":{"message":"assigned listening specs for emulators"}}
[debug] [2025-04-22T10:37:33.518Z] [hub] writing locator at C:\Users\HP\AppData\Local\Temp\hub-clone-4333d.json
[debug] [2025-04-22T10:37:33.537Z] [functions] Functions Emulator only supports listening on one address (127.0.0.1). Not listening on ::1
[debug] [2025-04-22T10:37:33.537Z] [eventarc] Eventarc Emulator only supports listening on one address (127.0.0.1). Not listening on ::1
[debug] [2025-04-22T10:37:33.537Z] [tasks] Cloud Tasks Emulator only supports listening on one address (127.0.0.1). Not listening on ::1
[debug] [2025-04-22T10:37:33.537Z] late-assigned ports for functions and eventarc emulators {"user":{"hub":[{"address":"127.0.0.1","family":"IPv4","port":4400},{"address":"::1","family":"IPv6","port":4400}],"ui":[{"address":"127.0.0.1","family":"IPv4","port":4000},{"address":"::1","family":"IPv6","port":4000}],"logging":[{"address":"127.0.0.1","family":"IPv4","port":4500}],"functions":[{"address":"127.0.0.1","family":"IPv4","port":5001}],"eventarc":[{"address":"127.0.0.1","family":"IPv4","port":9299}],"tasks":[{"address":"127.0.0.1","family":"IPv4","port":9499}]},"metadata":{"message":"late-assigned ports for functions and eventarc emulators"}}
[warn] !  functions: The following emulators are not running, calls to these services from the Functions emulator will affect production: apphosting, auth, firestore, database, hosting, pubsub, storage, dataconnect {"metadata":{"emulator":{"name":"functions"},"message":"The following emulators are not running, calls to these services from the Functions emulator will affect production: \u001b[1mapphosting, auth, firestore, database, hosting, pubsub, storage, dataconnect\u001b[22m"}}
[debug] [2025-04-22T10:37:33.551Z] defaultcredentials: writing to file C:\Users\HP\AppData\Roaming\firebase\yetsedawn_gmail_com_application_default_credentials.json
[debug] [2025-04-22T10:37:33.553Z] Setting GAC to C:\Users\HP\AppData\Roaming\firebase\yetsedawn_gmail_com_application_default_credentials.json {"metadata":{"emulator":{"name":"functions"},"message":"Setting GAC to C:\\Users\\HP\\AppData\\Roaming\\firebase\\yetsedawn_gmail_com_application_default_credentials.json"}}
[debug] [2025-04-22T10:37:33.554Z] Checked if tokens are valid: false, expires at: 1745259939444
[debug] [2025-04-22T10:37:33.554Z] Checked if tokens are valid: false, expires at: 1745259939444
[debug] [2025-04-22T10:37:33.554Z] > refreshing access token with scopes: []
[debug] [2025-04-22T10:37:33.556Z] >>> [apiv2][query] POST https://www.googleapis.com/oauth2/v3/token [none]
[debug] [2025-04-22T10:37:33.556Z] >>> [apiv2][body] POST https://www.googleapis.com/oauth2/v3/token [omitted]
[debug] [2025-04-22T10:37:33.990Z] <<< [apiv2][status] POST https://www.googleapis.com/oauth2/v3/token 200
[debug] [2025-04-22T10:37:33.991Z] <<< [apiv2][body] POST https://www.googleapis.com/oauth2/v3/token [omitted]
[debug] [2025-04-22T10:37:34.009Z] >>> [apiv2][query] GET https://firebase.googleapis.com/v1beta1/projects/clone-4333d/adminSdkConfig [none]
[debug] [2025-04-22T10:37:34.612Z] <<< [apiv2][status] GET https://firebase.googleapis.com/v1beta1/projects/clone-4333d/adminSdkConfig 403
[debug] [2025-04-22T10:37:34.612Z] <<< [apiv2][body] GET https://firebase.googleapis.com/v1beta1/projects/clone-4333d/adminSdkConfig {"error":{"code":403,"message":"The caller does not have permission","status":"PERMISSION_DENIED"}}
[debug] [2025-04-22T10:37:34.612Z] Failed to get Admin SDK config for clone-4333d, falling back to cache Failed to get Admin SDK for Firebase project clone-4333d. Please make sure the project exists and your account has permission to access it. {"name":"FirebaseError","children":[],"exit":2,"message":"Failed to get Admin SDK for Firebase project clone-4333d. Please make sure the project exists and your account has permission to access it.","original":{"name":"FirebaseError","children":[],"context":{"body":{"error":{"code":403,"message":"The caller does not have permission","status":"PERMISSION_DENIED"}},"response":{"statusCode":403}},"exit":1,"message":"Request to https://firebase.googleapis.com/v1beta1/projects/clone-4333d/adminSdkConfig had HTTP Error: 403, The caller does not have permission","status":403},"status":500}
[info] i  functions: Watching "C:\Users\HP\Desktop\Evangadi\Phase_4\AmazonClone\amazon-clone\functions" for Cloud Functions... {"metadata":{"emulator":{"name":"functions"},"message":"Watching \"C:\\Users\\HP\\Desktop\\Evangadi\\Phase_4\\AmazonClone\\amazon-clone\\functions\" for Cloud Functions..."}}
[debug] [2025-04-22T10:37:34.654Z] Validating nodejs source
[debug] [2025-04-22T10:37:36.234Z] > [functions] package.json contents: {
  "name": "functions",
  "description": "Cloud Functions for Firebase",
  "scripts": {
    "serve": "firebase emulators:start --only functions",
    "shell": "firebase functions:shell",
    "start": "npm run shell",
    "deploy": "firebase deploy --only functions",
    "logs": "firebase functions:log"
  },
  "engines": {
    "node": "22"
  },
  "main": "index.js",
  "dependencies": {
    "cors": "^2.8.5",
    "dotenv": "^16.5.0",
    "express": "^5.1.0",
    "firebase-admin": "^12.6.0",
    "firebase-functions": "^6.0.1",
    "stripe": "^18.0.0"
  },
  "devDependencies": {
    "firebase-functions-test": "^3.1.0"
  },
  "private": true
}
[debug] [2025-04-22T10:37:36.234Z] Building nodejs source
[debug] [2025-04-22T10:37:36.235Z] Failed to find version of module node: reached end of search path C:\Users\HP\Desktop\Evangadi\Phase_4\AmazonClone\amazon-clone\functions\node_modules
[info] +  functions: Using node@22 from host. 
[info] i  functions: Loaded environment variables from .env. 
[debug] [2025-04-22T10:37:36.238Z] Could not find functions.yaml. Must use http discovery
[debug] [2025-04-22T10:37:36.245Z] Found firebase-functions binary at 'C:\Users\HP\Desktop\Evangadi\Phase_4\AmazonClone\amazon-clone\functions\node_modules\.bin\firebase-functions'
[info] Serving at port 8223

[debug] [2025-04-22T10:37:37.153Z] Got response from /__/functions.yaml {"endpoints":{"api":{"availableMemoryMb":null,"timeoutSeconds":null,"minInstances":null,"maxInstances":null,"ingressSettings":null,"concurrency":null,"serviceAccountEmail":null,"vpc":null,"platform":"gcfv2","labels":{},"httpsTrigger":{},"entryPoint":"api"}},"specVersion":"v1alpha1","requiredAPIs":[],"extensions":{}}
[info] +  functions: Loaded functions definitions from source: api. {"metadata":{"emulator":{"name":"functions"},"message":"Loaded functions definitions from source: api."}}
[info] +  functions[us-central1-api]: http function initialized (http://127.0.0.1:5001/clone-4333d/us-central1/api). {"metadata":{"emulator":{"name":"functions"},"message":"\u001b[1mhttp\u001b[22m function initialized (http://127.0.0.1:5001/clone-4333d/us-central1/api)."}}
[debug] [2025-04-22T10:37:41.202Z] Could not find VSCode notification endpoint: FetchError: request to http://localhost:40001/vscode/notify failed, reason: . If you are not running the Firebase Data Connect VSCode extension, this is expected and not an issue.
[info] 
┌─────────────────────────────────────────────────────────────┐
│ ✔  All emulators ready! It is now safe to connect your app. │
│ i  View Emulator UI at http://127.0.0.1:4000/               │
└─────────────────────────────────────────────────────────────┘

┌───────────┬────────────────┬─────────────────────────────────┐
│ Emulator  │ Host:Port      │ View in Emulator UI             │
├───────────┼────────────────┼─────────────────────────────────┤
│ Functions │ 127.0.0.1:5001 │ http://127.0.0.1:4000/functions │
└───────────┴────────────────┴─────────────────────────────────┘
  Emulator Hub host: 127.0.0.1 port: 4400
  Other reserved ports: 4500

Issues? Report them at https://github.com/firebase/firebase-tools/issues and attach the *-debug.log files.
 
[debug] [2025-04-22T10:38:08.796Z] File C:\Users\HP\Desktop\Evangadi\Phase_4\AmazonClone\amazon-clone\functions\index.js changed, reloading triggers {"metadata":{"emulator":{"name":"functions"},"message":"File C:\\Users\\HP\\Desktop\\Evangadi\\Phase_4\\AmazonClone\\amazon-clone\\functions\\index.js changed, reloading triggers"}}
[debug] [2025-04-22T10:38:09.804Z] Validating nodejs source
[debug] [2025-04-22T10:38:11.280Z] > [functions] package.json contents: {
  "name": "functions",
  "description": "Cloud Functions for Firebase",
  "scripts": {
    "serve": "firebase emulators:start --only functions",
    "shell": "firebase functions:shell",
    "start": "npm run shell",
    "deploy": "firebase deploy --only functions",
    "logs": "firebase functions:log"
  },
  "engines": {
    "node": "22"
  },
  "main": "index.js",
  "dependencies": {
    "cors": "^2.8.5",
    "dotenv": "^16.5.0",
    "express": "^5.1.0",
    "firebase-admin": "^12.6.0",
    "firebase-functions": "^6.0.1",
    "stripe": "^18.0.0"
  },
  "devDependencies": {
    "firebase-functions-test": "^3.1.0"
  },
  "private": true
}
[debug] [2025-04-22T10:38:11.280Z] Building nodejs source
[debug] [2025-04-22T10:38:11.280Z] Failed to find version of module node: reached end of search path C:\Users\HP\Desktop\Evangadi\Phase_4\AmazonClone\amazon-clone\functions\node_modules
[info] +  functions: Using node@22 from host. 
[info] i  functions: Loaded environment variables from .env. 
[debug] [2025-04-22T10:38:11.283Z] Could not find functions.yaml. Must use http discovery
[debug] [2025-04-22T10:38:11.288Z] Found firebase-functions binary at 'C:\Users\HP\Desktop\Evangadi\Phase_4\AmazonClone\amazon-clone\functions\node_modules\.bin\firebase-functions'
[info] Serving at port 8824

[debug] [2025-04-22T10:38:12.155Z] Got response from /__/functions.yaml {"endpoints":{"api":{"availableMemoryMb":null,"timeoutSeconds":null,"minInstances":null,"maxInstances":null,"ingressSettings":null,"concurrency":null,"serviceAccountEmail":null,"vpc":null,"platform":"gcfv2","labels":{},"httpsTrigger":{},"entryPoint":"api"}},"specVersion":"v1alpha1","requiredAPIs":[],"extensions":{}}
[info] +  functions: Loaded functions definitions from source: api. {"metadata":{"emulator":{"name":"functions"},"message":"Loaded functions definitions from source: api."}}
[debug] [2025-04-22T10:38:21.434Z] [work-queue] {"queuedWork":["/clone-4333d/us-central1/api-2025-04-22T10:38:21.434Z"],"queueLength":1,"runningWork":[],"workRunningCount":0}
[debug] [2025-04-22T10:38:21.435Z] [work-queue] {"queuedWork":[],"queueLength":0,"runningWork":["/clone-4333d/us-central1/api-2025-04-22T10:38:21.434Z"],"workRunningCount":1}
[debug] [2025-04-22T10:38:21.435Z] Accepted request GET /clone-4333d/us-central1/api --> us-central1-api
[debug] [2025-04-22T10:38:21.440Z] [functions] Runtime ready! Sending request! {"metadata":{"emulator":{"name":"functions"},"message":"[functions] Runtime ready! Sending request!"}}
[debug] [2025-04-22T10:38:21.441Z] [functions] Got req.url=/clone-4333d/us-central1/api, mapping to path=/ {"metadata":{"emulator":{"name":"functions"},"message":"[functions] Got req.url=/clone-4333d/us-central1/api, mapping to path=/"}}
[info] i  functions: Loaded environment variables from .env. 
[debug] [2025-04-22T10:38:21.457Z] [worker-pool] addWorker(us-central1-api) {"metadata":{"emulator":{"name":"functions"},"message":"[worker-pool] addWorker(us-central1-api)"}}
[debug] [2025-04-22T10:38:21.459Z] [worker-pool] Adding worker with key us-central1-api, total=1 {"metadata":{"emulator":{"name":"functions"},"message":"[worker-pool] Adding worker with key us-central1-api, total=1"}}
[info] >  (node:7656) [DEP0040] DeprecationWarning: The `punycode` module is deprecated. Please use a userland alternative instead. {"user":"(node:7656) [DEP0040] DeprecationWarning: The `punycode` module is deprecated. Please use a userland alternative instead.","metadata":{"emulator":{"name":"functions"},"function":{"name":"us-central1-api"},"extension":{},"message":"\u001b[90m> \u001b[39m (node:7656) [DEP0040] DeprecationWarning: The `punycode` module is deprecated. Please use a userland alternative instead."}}
[info] >  (Use `node --trace-deprecation ...` to show where the warning was created) {"user":"(Use `node --trace-deprecation ...` to show where the warning was created)","metadata":{"emulator":{"name":"functions"},"function":{"name":"us-central1-api"},"extension":{},"message":"\u001b[90m> \u001b[39m (Use `node --trace-deprecation ...` to show where the warning was created)"}}
[debug] [2025-04-22T10:38:23.720Z] [runtime-status] [7656] Resolved module firebase-admin {"declared":true,"installed":true,"version":"12.7.0","resolution":"C:\\Users\\HP\\Desktop\\Evangadi\\Phase_4\\AmazonClone\\amazon-clone\\functions\\node_modules\\firebase-admin\\lib\\index.js"} {"metadata":{"emulator":{"name":"functions"},"function":{"name":"us-central1-api"},"extension":{},"message":"[runtime-status] [7656] Resolved module firebase-admin {\"declared\":true,\"installed\":true,\"version\":\"12.7.0\",\"resolution\":\"C:\\\\Users\\\\HP\\\\Desktop\\\\Evangadi\\\\Phase_4\\\\AmazonClone\\\\amazon-clone\\\\functions\\\\node_modules\\\\firebase-admin\\\\lib\\\\index.js\"}"}}
[debug] [2025-04-22T10:38:23.722Z] [runtime-status] [7656] Resolved module firebase-functions {"declared":true,"installed":true,"version":"6.3.2","resolution":"C:\\Users\\HP\\Desktop\\Evangadi\\Phase_4\\AmazonClone\\amazon-clone\\functions\\node_modules\\firebase-functions\\lib\\v2\\index.js"} {"metadata":{"emulator":{"name":"functions"},"function":{"name":"us-central1-api"},"extension":{},"message":"[runtime-status] [7656] Resolved module firebase-functions {\"declared\":true,\"installed\":true,\"version\":\"6.3.2\",\"resolution\":\"C:\\\\Users\\\\HP\\\\Desktop\\\\Evangadi\\\\Phase_4\\\\AmazonClone\\\\amazon-clone\\\\functions\\\\node_modules\\\\firebase-functions\\\\lib\\\\v2\\\\index.js\"}"}}
[debug] [2025-04-22T10:38:23.722Z] [runtime-status] [7656] Outgoing network have been stubbed. [{"name":"http","status":"mocked"},{"name":"http","status":"mocked"},{"name":"https","status":"mocked"},{"name":"https","status":"mocked"},{"name":"net","status":"mocked"}] {"metadata":{"emulator":{"name":"functions"},"function":{"name":"us-central1-api"},"extension":{},"message":"[runtime-status] [7656] Outgoing network have been stubbed. [{\"name\":\"http\",\"status\":\"mocked\"},{\"name\":\"http\",\"status\":\"mocked\"},{\"name\":\"https\",\"status\":\"mocked\"},{\"name\":\"https\",\"status\":\"mocked\"},{\"name\":\"net\",\"status\":\"mocked\"}]"}}
[debug] [2025-04-22T10:38:23.724Z] [runtime-status] [7656] Resolved module firebase-functions {"declared":true,"installed":true,"version":"6.3.2","resolution":"C:\\Users\\HP\\Desktop\\Evangadi\\Phase_4\\AmazonClone\\amazon-clone\\functions\\node_modules\\firebase-functions\\lib\\v2\\index.js"} {"metadata":{"emulator":{"name":"functions"},"function":{"name":"us-central1-api"},"extension":{},"message":"[runtime-status] [7656] Resolved module firebase-functions {\"declared\":true,\"installed\":true,\"version\":\"6.3.2\",\"resolution\":\"C:\\\\Users\\\\HP\\\\Desktop\\\\Evangadi\\\\Phase_4\\\\AmazonClone\\\\amazon-clone\\\\functions\\\\node_modules\\\\firebase-functions\\\\lib\\\\v2\\\\index.js\"}"}}
[debug] [2025-04-22T10:38:24.285Z] [runtime-status] [7656] Checked functions.config() {"config":{}} {"metadata":{"emulator":{"name":"functions"},"function":{"name":"us-central1-api"},"extension":{},"message":"[runtime-status] [7656] Checked functions.config() {\"config\":{}}"}}
[debug] [2025-04-22T10:38:24.285Z] [runtime-status] [7656] firebase-functions has been stubbed. {"functionsResolution":{"declared":true,"installed":true,"version":"6.3.2","resolution":"C:\\Users\\HP\\Desktop\\Evangadi\\Phase_4\\AmazonClone\\amazon-clone\\functions\\node_modules\\firebase-functions\\lib\\v2\\index.js"}} {"metadata":{"emulator":{"name":"functions"},"function":{"name":"us-central1-api"},"extension":{},"message":"[runtime-status] [7656] firebase-functions has been stubbed. {\"functionsResolution\":{\"declared\":true,\"installed\":true,\"version\":\"6.3.2\",\"resolution\":\"C:\\\\Users\\\\HP\\\\Desktop\\\\Evangadi\\\\Phase_4\\\\AmazonClone\\\\amazon-clone\\\\functions\\\\node_modules\\\\firebase-functions\\\\lib\\\\v2\\\\index.js\"}}"}}
[debug] [2025-04-22T10:38:24.286Z] [runtime-status] [7656] Resolved module firebase-functions {"declared":true,"installed":true,"version":"6.3.2","resolution":"C:\\Users\\HP\\Desktop\\Evangadi\\Phase_4\\AmazonClone\\amazon-clone\\functions\\node_modules\\firebase-functions\\lib\\v2\\index.js"} {"metadata":{"emulator":{"name":"functions"},"function":{"name":"us-central1-api"},"extension":{},"message":"[runtime-status] [7656] Resolved module firebase-functions {\"declared\":true,\"installed\":true,\"version\":\"6.3.2\",\"resolution\":\"C:\\\\Users\\\\HP\\\\Desktop\\\\Evangadi\\\\Phase_4\\\\AmazonClone\\\\amazon-clone\\\\functions\\\\node_modules\\\\firebase-functions\\\\lib\\\\v2\\\\index.js\"}"}}
[debug] [2025-04-22T10:38:24.295Z] [runtime-status] [7656] Resolved module firebase-admin {"declared":true,"installed":true,"version":"12.7.0","resolution":"C:\\Users\\HP\\Desktop\\Evangadi\\Phase_4\\AmazonClone\\amazon-clone\\functions\\node_modules\\firebase-admin\\lib\\index.js"} {"metadata":{"emulator":{"name":"functions"},"function":{"name":"us-central1-api"},"extension":{},"message":"[runtime-status] [7656] Resolved module firebase-admin {\"declared\":true,\"installed\":true,\"version\":\"12.7.0\",\"resolution\":\"C:\\\\Users\\\\HP\\\\Desktop\\\\Evangadi\\\\Phase_4\\\\AmazonClone\\\\amazon-clone\\\\functions\\\\node_modules\\\\firebase-admin\\\\lib\\\\index.js\"}"}}
[debug] [2025-04-22T10:38:24.299Z] [runtime-status] [7656] Resolved module firebase-functions {"declared":true,"installed":true,"version":"6.3.2","resolution":"C:\\Users\\HP\\Desktop\\Evangadi\\Phase_4\\AmazonClone\\amazon-clone\\functions\\node_modules\\firebase-functions\\lib\\v2\\index.js"} {"metadata":{"emulator":{"name":"functions"},"function":{"name":"us-central1-api"},"extension":{},"message":"[runtime-status] [7656] Resolved module firebase-functions {\"declared\":true,\"installed\":true,\"version\":\"6.3.2\",\"resolution\":\"C:\\\\Users\\\\HP\\\\Desktop\\\\Evangadi\\\\Phase_4\\\\AmazonClone\\\\amazon-clone\\\\functions\\\\node_modules\\\\firebase-functions\\\\lib\\\\v2\\\\index.js\"}"}}
[debug] [2025-04-22T10:38:24.300Z] [runtime-status] [7656] firebase-admin has been stubbed. {"adminResolution":{"declared":true,"installed":true,"version":"12.7.0","resolution":"C:\\Users\\HP\\Desktop\\Evangadi\\Phase_4\\AmazonClone\\amazon-clone\\functions\\node_modules\\firebase-admin\\lib\\index.js"}} {"metadata":{"emulator":{"name":"functions"},"function":{"name":"us-central1-api"},"extension":{},"message":"[runtime-status] [7656] firebase-admin has been stubbed. {\"adminResolution\":{\"declared\":true,\"installed\":true,\"version\":\"12.7.0\",\"resolution\":\"C:\\\\Users\\\\HP\\\\Desktop\\\\Evangadi\\\\Phase_4\\\\AmazonClone\\\\amazon-clone\\\\functions\\\\node_modules\\\\firebase-admin\\\\lib\\\\index.js\"}}"}}
[debug] [2025-04-22T10:38:24.539Z] [runtime-status] [7656] Functions runtime initialized. {"cwd":"C:\\Users\\HP\\Desktop\\Evangadi\\Phase_4\\AmazonClone\\amazon-clone\\functions","node_version":"22.13.0"} {"metadata":{"emulator":{"name":"functions"},"function":{"name":"us-central1-api"},"extension":{},"message":"[runtime-status] [7656] Functions runtime initialized. {\"cwd\":\"C:\\\\Users\\\\HP\\\\Desktop\\\\Evangadi\\\\Phase_4\\\\AmazonClone\\\\amazon-clone\\\\functions\",\"node_version\":\"22.13.0\"}"}}
[debug] [2025-04-22T10:38:24.540Z] [runtime-status] [7656] Listening to port: \\?\pipe\fire_emu_9a68b15e491865af {"metadata":{"emulator":{"name":"functions"},"function":{"name":"us-central1-api"},"extension":{},"message":"[runtime-status] [7656] Listening to port: \\\\?\\pipe\\fire_emu_9a68b15e491865af"}}
[debug] [2025-04-22T10:38:24.566Z] [worker-us-central1-api-09f93979-0bdd-4bfa-98a1-04da8b483d22]: IDLE {"metadata":{"emulator":{"name":"functions"},"function":{"name":"us-central1-api"},"extension":{},"message":"[worker-us-central1-api-09f93979-0bdd-4bfa-98a1-04da8b483d22]: IDLE"}}
[debug] [2025-04-22T10:38:24.567Z] [worker-pool] submitRequest(triggerId=us-central1-api) {"metadata":{"emulator":{"name":"functions"},"message":"[worker-pool] submitRequest(triggerId=us-central1-api)"}}
[info] i  functions: Beginning execution of "us-central1-api" {"metadata":{"emulator":{"name":"functions"},"function":{"name":"us-central1-api"},"extension":{},"message":"Beginning execution of \"us-central1-api\""}}
[debug] [2025-04-22T10:38:24.567Z] [worker-us-central1-api-09f93979-0bdd-4bfa-98a1-04da8b483d22]: BUSY {"metadata":{"emulator":{"name":"functions"},"function":{"name":"us-central1-api"},"extension":{},"message":"[worker-us-central1-api-09f93979-0bdd-4bfa-98a1-04da8b483d22]: BUSY"}}
[debug] [2025-04-22T10:38:24.576Z] Finishing up request with event=pause {"metadata":{"emulator":{"name":"functions"},"function":{"name":"us-central1-api"},"extension":{},"message":"Finishing up request with event=pause"}}
[info] i  functions: Finished "us-central1-api" in 8.5657ms {"metadata":{"emulator":{"name":"functions"},"function":{"name":"us-central1-api"},"extension":{},"message":"Finished \"us-central1-api\" in 8.5657ms"}}
[debug] [2025-04-22T10:38:24.576Z] [worker-us-central1-api-09f93979-0bdd-4bfa-98a1-04da8b483d22]: IDLE {"metadata":{"emulator":{"name":"functions"},"function":{"name":"us-central1-api"},"extension":{},"message":"[worker-us-central1-api-09f93979-0bdd-4bfa-98a1-04da8b483d22]: IDLE"}}
[debug] [2025-04-22T10:38:24.577Z] Finishing up request with event=finish {"metadata":{"emulator":{"name":"functions"},"function":{"name":"us-central1-api"},"extension":{},"message":"Finishing up request with event=finish"}}
[debug] [2025-04-22T10:38:24.577Z] Finishing up request with event=close {"metadata":{"emulator":{"name":"functions"},"function":{"name":"us-central1-api"},"extension":{},"message":"Finishing up request with event=close"}}
[debug] [2025-04-22T10:38:24.577Z] [work-queue] {"queuedWork":[],"queueLength":0,"runningWork":[],"workRunningCount":0}
[debug] [2025-04-22T10:38:24.826Z] Functions emulator received unknown request at path /favicon.ico
[debug] [2025-04-22T10:40:05.299Z] [work-queue] {"queuedWork":["/clone-4333d/us-central1/api/payment/create-2025-04-22T10:40:05.299Z"],"queueLength":1,"runningWork":[],"workRunningCount":0}
[debug] [2025-04-22T10:40:05.299Z] [work-queue] {"queuedWork":[],"queueLength":0,"runningWork":["/clone-4333d/us-central1/api/payment/create-2025-04-22T10:40:05.299Z"],"workRunningCount":1}
[debug] [2025-04-22T10:40:05.299Z] Accepted request POST /clone-4333d/us-central1/api/payment/create?total=444.6 --> us-central1-api
[debug] [2025-04-22T10:40:05.302Z] [functions] Runtime ready! Sending request! {"metadata":{"emulator":{"name":"functions"},"message":"[functions] Runtime ready! Sending request!"}}
[debug] [2025-04-22T10:40:05.302Z] [functions] Got req.url=/clone-4333d/us-central1/api/payment/create?total=444.6, mapping to path=/payment/create?total=444.6 {"metadata":{"emulator":{"name":"functions"},"message":"[functions] Got req.url=/clone-4333d/us-central1/api/payment/create?total=444.6, mapping to path=/payment/create?total=444.6"}}
[debug] [2025-04-22T10:40:05.302Z] [worker-pool] submitRequest(triggerId=us-central1-api) {"metadata":{"emulator":{"name":"functions"},"message":"[worker-pool] submitRequest(triggerId=us-central1-api)"}}
[info] i  functions: Beginning execution of "us-central1-api" {"metadata":{"emulator":{"name":"functions"},"function":{"name":"us-central1-api"},"extension":{},"message":"Beginning execution of \"us-central1-api\""}}
[debug] [2025-04-22T10:40:05.302Z] [worker-us-central1-api-09f93979-0bdd-4bfa-98a1-04da8b483d22]: BUSY {"metadata":{"emulator":{"name":"functions"},"function":{"name":"us-central1-api"},"extension":{},"message":"[worker-us-central1-api-09f93979-0bdd-4bfa-98a1-04da8b483d22]: BUSY"}}
[debug] [2025-04-22T10:40:06.242Z] Finishing up request with event=pause {"metadata":{"emulator":{"name":"functions"},"function":{"name":"us-central1-api"},"extension":{},"message":"Finishing up request with event=pause"}}
[info] i  functions: Finished "us-central1-api" in 940.0473ms {"metadata":{"emulator":{"name":"functions"},"function":{"name":"us-central1-api"},"extension":{},"message":"Finished \"us-central1-api\" in 940.0473ms"}}
[debug] [2025-04-22T10:40:06.244Z] [worker-us-central1-api-09f93979-0bdd-4bfa-98a1-04da8b483d22]: IDLE {"metadata":{"emulator":{"name":"functions"},"function":{"name":"us-central1-api"},"extension":{},"message":"[worker-us-central1-api-09f93979-0bdd-4bfa-98a1-04da8b483d22]: IDLE"}}
[debug] [2025-04-22T10:40:06.244Z] Finishing up request with event=finish {"metadata":{"emulator":{"name":"functions"},"function":{"name":"us-central1-api"},"extension":{},"message":"Finishing up request with event=finish"}}
[debug] [2025-04-22T10:40:06.244Z] Finishing up request with event=close {"metadata":{"emulator":{"name":"functions"},"function":{"name":"us-central1-api"},"extension":{},"message":"Finishing up request with event=close"}}
[debug] [2025-04-22T10:40:06.245Z] [work-queue] {"queuedWork":[],"queueLength":0,"runningWork":[],"workRunningCount":0}
[debug] [2025-04-22T10:40:44.328Z] [work-queue] {"queuedWork":["/clone-4333d/us-central1/api/payment/create-2025-04-22T10:40:44.328Z"],"queueLength":1,"runningWork":[],"workRunningCount":0}
[debug] [2025-04-22T10:40:44.329Z] [work-queue] {"queuedWork":[],"queueLength":0,"runningWork":["/clone-4333d/us-central1/api/payment/create-2025-04-22T10:40:44.328Z"],"workRunningCount":1}
[debug] [2025-04-22T10:40:44.329Z] Accepted request POST /clone-4333d/us-central1/api/payment/create?total=444.6 --> us-central1-api
[debug] [2025-04-22T10:40:44.335Z] [functions] Runtime ready! Sending request! {"metadata":{"emulator":{"name":"functions"},"message":"[functions] Runtime ready! Sending request!"}}
[debug] [2025-04-22T10:40:44.335Z] [functions] Got req.url=/clone-4333d/us-central1/api/payment/create?total=444.6, mapping to path=/payment/create?total=444.6 {"metadata":{"emulator":{"name":"functions"},"message":"[functions] Got req.url=/clone-4333d/us-central1/api/payment/create?total=444.6, mapping to path=/payment/create?total=444.6"}}
[debug] [2025-04-22T10:40:44.335Z] [worker-pool] submitRequest(triggerId=us-central1-api) {"metadata":{"emulator":{"name":"functions"},"message":"[worker-pool] submitRequest(triggerId=us-central1-api)"}}
[info] i  functions: Beginning execution of "us-central1-api" {"metadata":{"emulator":{"name":"functions"},"function":{"name":"us-central1-api"},"extension":{},"message":"Beginning execution of \"us-central1-api\""}}
[debug] [2025-04-22T10:40:44.336Z] [worker-us-central1-api-09f93979-0bdd-4bfa-98a1-04da8b483d22]: BUSY {"metadata":{"emulator":{"name":"functions"},"function":{"name":"us-central1-api"},"extension":{},"message":"[worker-us-central1-api-09f93979-0bdd-4bfa-98a1-04da8b483d22]: BUSY"}}
[debug] [2025-04-22T10:40:44.858Z] Finishing up request with event=pause {"metadata":{"emulator":{"name":"functions"},"function":{"name":"us-central1-api"},"extension":{},"message":"Finishing up request with event=pause"}}
[info] i  functions: Finished "us-central1-api" in 522.5278ms {"metadata":{"emulator":{"name":"functions"},"function":{"name":"us-central1-api"},"extension":{},"message":"Finished \"us-central1-api\" in 522.5278ms"}}
[debug] [2025-04-22T10:40:44.860Z] [worker-us-central1-api-09f93979-0bdd-4bfa-98a1-04da8b483d22]: IDLE {"metadata":{"emulator":{"name":"functions"},"function":{"name":"us-central1-api"},"extension":{},"message":"[worker-us-central1-api-09f93979-0bdd-4bfa-98a1-04da8b483d22]: IDLE"}}
[debug] [2025-04-22T10:40:44.861Z] Finishing up request with event=finish {"metadata":{"emulator":{"name":"functions"},"function":{"name":"us-central1-api"},"extension":{},"message":"Finishing up request with event=finish"}}
[debug] [2025-04-22T10:40:44.861Z] Finishing up request with event=close {"metadata":{"emulator":{"name":"functions"},"function":{"name":"us-central1-api"},"extension":{},"message":"Finishing up request with event=close"}}
[debug] [2025-04-22T10:40:44.862Z] [work-queue] {"queuedWork":[],"queueLength":0,"runningWork":[],"workRunningCount":0}
[debug] [2025-04-22T11:01:18.815Z] [work-queue] {"queuedWork":["/clone-4333d/us-central1/api/payment/create-2025-04-22T11:01:18.815Z"],"queueLength":1,"runningWork":[],"workRunningCount":0}
[debug] [2025-04-22T11:01:18.815Z] [work-queue] {"queuedWork":[],"queueLength":0,"runningWork":["/clone-4333d/us-central1/api/payment/create-2025-04-22T11:01:18.815Z"],"workRunningCount":1}
[debug] [2025-04-22T11:01:18.815Z] Accepted request POST /clone-4333d/us-central1/api/payment/create?total=13966.999999999998 --> us-central1-api
[debug] [2025-04-22T11:01:18.819Z] [functions] Runtime ready! Sending request! {"metadata":{"emulator":{"name":"functions"},"message":"[functions] Runtime ready! Sending request!"}}
[debug] [2025-04-22T11:01:18.819Z] [functions] Got req.url=/clone-4333d/us-central1/api/payment/create?total=13966.999999999998, mapping to path=/payment/create?total=13966.999999999998 {"metadata":{"emulator":{"name":"functions"},"message":"[functions] Got req.url=/clone-4333d/us-central1/api/payment/create?total=13966.999999999998, mapping to path=/payment/create?total=13966.999999999998"}}
[debug] [2025-04-22T11:01:18.819Z] [worker-pool] submitRequest(triggerId=us-central1-api) {"metadata":{"emulator":{"name":"functions"},"message":"[worker-pool] submitRequest(triggerId=us-central1-api)"}}
[info] i  functions: Beginning execution of "us-central1-api" {"metadata":{"emulator":{"name":"functions"},"function":{"name":"us-central1-api"},"extension":{},"message":"Beginning execution of \"us-central1-api\""}}
[debug] [2025-04-22T11:01:18.820Z] [worker-us-central1-api-09f93979-0bdd-4bfa-98a1-04da8b483d22]: BUSY {"metadata":{"emulator":{"name":"functions"},"function":{"name":"us-central1-api"},"extension":{},"message":"[worker-us-central1-api-09f93979-0bdd-4bfa-98a1-04da8b483d22]: BUSY"}}
[debug] [2025-04-22T11:01:19.858Z] Finishing up request with event=pause {"metadata":{"emulator":{"name":"functions"},"function":{"name":"us-central1-api"},"extension":{},"message":"Finishing up request with event=pause"}}
[info] i  functions: Finished "us-central1-api" in 1042.4429ms {"metadata":{"emulator":{"name":"functions"},"function":{"name":"us-central1-api"},"extension":{},"message":"Finished \"us-central1-api\" in 1042.4429ms"}}
[debug] [2025-04-22T11:01:19.864Z] [worker-us-central1-api-09f93979-0bdd-4bfa-98a1-04da8b483d22]: IDLE {"metadata":{"emulator":{"name":"functions"},"function":{"name":"us-central1-api"},"extension":{},"message":"[worker-us-central1-api-09f93979-0bdd-4bfa-98a1-04da8b483d22]: IDLE"}}
[debug] [2025-04-22T11:01:19.865Z] Finishing up request with event=finish {"metadata":{"emulator":{"name":"functions"},"function":{"name":"us-central1-api"},"extension":{},"message":"Finishing up request with event=finish"}}
[debug] [2025-04-22T11:01:19.865Z] Finishing up request with event=close {"metadata":{"emulator":{"name":"functions"},"function":{"name":"us-central1-api"},"extension":{},"message":"Finishing up request with event=close"}}
[debug] [2025-04-22T11:01:19.866Z] [work-queue] {"queuedWork":[],"queueLength":0,"runningWork":[],"workRunningCount":0}
[info] >  Error: An error occurred with our connection to Stripe. Request was retried 2 times. {"user":"Error: An error occurred with our connection to Stripe. Request was retried 2 times.","metadata":{"emulator":{"name":"functions"},"function":{"name":"us-central1-api"},"extension":{},"message":"\u001b[90m> \u001b[39m Error: An error occurred with our connection to Stripe. Request was retried 2 times."}}
[info] >      at C:\Users\HP\Desktop\Evangadi\Phase_4\AmazonClone\amazon-clone\functions\node_modules\stripe\cjs\RequestSender.js:401:41 {"user":"    at C:\\Users\\HP\\Desktop\\Evangadi\\Phase_4\\AmazonClone\\amazon-clone\\functions\\node_modules\\stripe\\cjs\\RequestSender.js:401:41","metadata":{"emulator":{"name":"functions"},"function":{"name":"us-central1-api"},"extension":{},"message":"\u001b[90m> \u001b[39m     at C:\\Users\\HP\\Desktop\\Evangadi\\Phase_4\\AmazonClone\\amazon-clone\\functions\\node_modules\\stripe\\cjs\\RequestSender.js:401:41"}}
[info] >      at process.processTicksAndRejections (node:internal/process/task_queues:105:5) {"user":"    at process.processTicksAndRejections (node:internal/process/task_queues:105:5)","metadata":{"emulator":{"name":"functions"},"function":{"name":"us-central1-api"},"extension":{},"message":"\u001b[90m> \u001b[39m     at process.processTicksAndRejections (node:internal/process/task_queues:105:5)"}}
[debug] [2025-04-22T11:05:46.326Z] [work-queue] {"queuedWork":["/clone-4333d/us-central1/api-2025-04-22T11:05:46.325Z"],"queueLength":1,"runningWork":[],"workRunningCount":0}
[debug] [2025-04-22T11:05:46.327Z] [work-queue] {"queuedWork":[],"queueLength":0,"runningWork":["/clone-4333d/us-central1/api-2025-04-22T11:05:46.325Z"],"workRunningCount":1}
[debug] [2025-04-22T11:05:46.327Z] Accepted request GET /clone-4333d/us-central1/api --> us-central1-api
[debug] [2025-04-22T11:05:46.330Z] [functions] Runtime ready! Sending request! {"metadata":{"emulator":{"name":"functions"},"message":"[functions] Runtime ready! Sending request!"}}
[debug] [2025-04-22T11:05:46.330Z] [functions] Got req.url=/clone-4333d/us-central1/api, mapping to path=/ {"metadata":{"emulator":{"name":"functions"},"message":"[functions] Got req.url=/clone-4333d/us-central1/api, mapping to path=/"}}
[debug] [2025-04-22T11:05:46.331Z] [worker-pool] submitRequest(triggerId=us-central1-api) {"metadata":{"emulator":{"name":"functions"},"message":"[worker-pool] submitRequest(triggerId=us-central1-api)"}}
[info] i  functions: Beginning execution of "us-central1-api" {"metadata":{"emulator":{"name":"functions"},"function":{"name":"us-central1-api"},"extension":{},"message":"Beginning execution of \"us-central1-api\""}}
[debug] [2025-04-22T11:05:46.332Z] [worker-us-central1-api-09f93979-0bdd-4bfa-98a1-04da8b483d22]: BUSY {"metadata":{"emulator":{"name":"functions"},"function":{"name":"us-central1-api"},"extension":{},"message":"[worker-us-central1-api-09f93979-0bdd-4bfa-98a1-04da8b483d22]: BUSY"}}
[debug] [2025-04-22T11:05:46.336Z] Finishing up request with event=pause {"metadata":{"emulator":{"name":"functions"},"function":{"name":"us-central1-api"},"extension":{},"message":"Finishing up request with event=pause"}}
[info] i  functions: Finished "us-central1-api" in 4.9817ms {"metadata":{"emulator":{"name":"functions"},"function":{"name":"us-central1-api"},"extension":{},"message":"Finished \"us-central1-api\" in 4.9817ms"}}
[debug] [2025-04-22T11:05:46.337Z] [worker-us-central1-api-09f93979-0bdd-4bfa-98a1-04da8b483d22]: IDLE {"metadata":{"emulator":{"name":"functions"},"function":{"name":"us-central1-api"},"extension":{},"message":"[worker-us-central1-api-09f93979-0bdd-4bfa-98a1-04da8b483d22]: IDLE"}}
[debug] [2025-04-22T11:05:46.337Z] Finishing up request with event=finish {"metadata":{"emulator":{"name":"functions"},"function":{"name":"us-central1-api"},"extension":{},"message":"Finishing up request with event=finish"}}
[debug] [2025-04-22T11:05:46.338Z] Finishing up request with event=close {"metadata":{"emulator":{"name":"functions"},"function":{"name":"us-central1-api"},"extension":{},"message":"Finishing up request with event=close"}}
[debug] [2025-04-22T11:05:46.338Z] [work-queue] {"queuedWork":[],"queueLength":0,"runningWork":[],"workRunningCount":0}
[debug] [2025-04-22T11:06:54.871Z] [work-queue] {"queuedWork":["/clone-4333d/us-central1/api/payment/create-2025-04-22T11:06:54.871Z"],"queueLength":1,"runningWork":[],"workRunningCount":0}
[debug] [2025-04-22T11:06:54.871Z] [work-queue] {"queuedWork":[],"queueLength":0,"runningWork":["/clone-4333d/us-central1/api/payment/create-2025-04-22T11:06:54.871Z"],"workRunningCount":1}
[debug] [2025-04-22T11:06:54.871Z] Accepted request POST /clone-4333d/us-central1/api/payment/create?total=164097 --> us-central1-api
[debug] [2025-04-22T11:06:54.874Z] [functions] Runtime ready! Sending request! {"metadata":{"emulator":{"name":"functions"},"message":"[functions] Runtime ready! Sending request!"}}
[debug] [2025-04-22T11:06:54.875Z] [functions] Got req.url=/clone-4333d/us-central1/api/payment/create?total=164097, mapping to path=/payment/create?total=164097 {"metadata":{"emulator":{"name":"functions"},"message":"[functions] Got req.url=/clone-4333d/us-central1/api/payment/create?total=164097, mapping to path=/payment/create?total=164097"}}
[debug] [2025-04-22T11:06:54.875Z] [worker-pool] submitRequest(triggerId=us-central1-api) {"metadata":{"emulator":{"name":"functions"},"message":"[worker-pool] submitRequest(triggerId=us-central1-api)"}}
[info] i  functions: Beginning execution of "us-central1-api" {"metadata":{"emulator":{"name":"functions"},"function":{"name":"us-central1-api"},"extension":{},"message":"Beginning execution of \"us-central1-api\""}}
[debug] [2025-04-22T11:06:54.876Z] [worker-us-central1-api-09f93979-0bdd-4bfa-98a1-04da8b483d22]: BUSY {"metadata":{"emulator":{"name":"functions"},"function":{"name":"us-central1-api"},"extension":{},"message":"[worker-us-central1-api-09f93979-0bdd-4bfa-98a1-04da8b483d22]: BUSY"}}
[debug] [2025-04-22T11:06:55.647Z] Finishing up request with event=pause {"metadata":{"emulator":{"name":"functions"},"function":{"name":"us-central1-api"},"extension":{},"message":"Finishing up request with event=pause"}}
[info] i  functions: Finished "us-central1-api" in 771.634ms {"metadata":{"emulator":{"name":"functions"},"function":{"name":"us-central1-api"},"extension":{},"message":"Finished \"us-central1-api\" in 771.634ms"}}
[debug] [2025-04-22T11:06:55.650Z] [worker-us-central1-api-09f93979-0bdd-4bfa-98a1-04da8b483d22]: IDLE {"metadata":{"emulator":{"name":"functions"},"function":{"name":"us-central1-api"},"extension":{},"message":"[worker-us-central1-api-09f93979-0bdd-4bfa-98a1-04da8b483d22]: IDLE"}}
[debug] [2025-04-22T11:06:55.650Z] Finishing up request with event=finish {"metadata":{"emulator":{"name":"functions"},"function":{"name":"us-central1-api"},"extension":{},"message":"Finishing up request with event=finish"}}
[debug] [2025-04-22T11:06:55.651Z] Finishing up request with event=close {"metadata":{"emulator":{"name":"functions"},"function":{"name":"us-central1-api"},"extension":{},"message":"Finishing up request with event=close"}}
[debug] [2025-04-22T11:06:55.651Z] [work-queue] {"queuedWork":[],"queueLength":0,"runningWork":[],"workRunningCount":0}
[debug] [2025-04-22T11:07:48.631Z] [work-queue] {"queuedWork":["/clone-4333d/us-central1/api/payment/create-2025-04-22T11:07:48.631Z"],"queueLength":1,"runningWork":[],"workRunningCount":0}
[debug] [2025-04-22T11:07:48.632Z] [work-queue] {"queuedWork":[],"queueLength":0,"runningWork":["/clone-4333d/us-central1/api/payment/create-2025-04-22T11:07:48.631Z"],"workRunningCount":1}
[debug] [2025-04-22T11:07:48.632Z] Accepted request POST /clone-4333d/us-central1/api/payment/create?total=164097 --> us-central1-api
[debug] [2025-04-22T11:07:48.636Z] [functions] Runtime ready! Sending request! {"metadata":{"emulator":{"name":"functions"},"message":"[functions] Runtime ready! Sending request!"}}
[debug] [2025-04-22T11:07:48.636Z] [functions] Got req.url=/clone-4333d/us-central1/api/payment/create?total=164097, mapping to path=/payment/create?total=164097 {"metadata":{"emulator":{"name":"functions"},"message":"[functions] Got req.url=/clone-4333d/us-central1/api/payment/create?total=164097, mapping to path=/payment/create?total=164097"}}
[debug] [2025-04-22T11:07:48.636Z] [worker-pool] submitRequest(triggerId=us-central1-api) {"metadata":{"emulator":{"name":"functions"},"message":"[worker-pool] submitRequest(triggerId=us-central1-api)"}}
[info] i  functions: Beginning execution of "us-central1-api" {"metadata":{"emulator":{"name":"functions"},"function":{"name":"us-central1-api"},"extension":{},"message":"Beginning execution of \"us-central1-api\""}}
[debug] [2025-04-22T11:07:48.637Z] [worker-us-central1-api-09f93979-0bdd-4bfa-98a1-04da8b483d22]: BUSY {"metadata":{"emulator":{"name":"functions"},"function":{"name":"us-central1-api"},"extension":{},"message":"[worker-us-central1-api-09f93979-0bdd-4bfa-98a1-04da8b483d22]: BUSY"}}
[debug] [2025-04-22T11:07:49.092Z] Finishing up request with event=pause {"metadata":{"emulator":{"name":"functions"},"function":{"name":"us-central1-api"},"extension":{},"message":"Finishing up request with event=pause"}}
[info] i  functions: Finished "us-central1-api" in 455.5806ms {"metadata":{"emulator":{"name":"functions"},"function":{"name":"us-central1-api"},"extension":{},"message":"Finished \"us-central1-api\" in 455.5806ms"}}
[debug] [2025-04-22T11:07:49.093Z] [worker-us-central1-api-09f93979-0bdd-4bfa-98a1-04da8b483d22]: IDLE {"metadata":{"emulator":{"name":"functions"},"function":{"name":"us-central1-api"},"extension":{},"message":"[worker-us-central1-api-09f93979-0bdd-4bfa-98a1-04da8b483d22]: IDLE"}}
[debug] [2025-04-22T11:07:49.094Z] Finishing up request with event=finish {"metadata":{"emulator":{"name":"functions"},"function":{"name":"us-central1-api"},"extension":{},"message":"Finishing up request with event=finish"}}
[debug] [2025-04-22T11:07:49.094Z] Finishing up request with event=close {"metadata":{"emulator":{"name":"functions"},"function":{"name":"us-central1-api"},"extension":{},"message":"Finishing up request with event=close"}}
[debug] [2025-04-22T11:07:49.094Z] [work-queue] {"queuedWork":[],"queueLength":0,"runningWork":[],"workRunningCount":0}
[debug] [2025-04-22T11:11:23.959Z] [work-queue] {"queuedWork":["/clone-4333d/us-central1/api/payment/create-2025-04-22T11:11:23.959Z"],"queueLength":1,"runningWork":[],"workRunningCount":0}
[debug] [2025-04-22T11:11:23.960Z] [work-queue] {"queuedWork":[],"queueLength":0,"runningWork":["/clone-4333d/us-central1/api/payment/create-2025-04-22T11:11:23.959Z"],"workRunningCount":1}
[debug] [2025-04-22T11:11:23.961Z] Accepted request POST /clone-4333d/us-central1/api/payment/create?total=164097 --> us-central1-api
[debug] [2025-04-22T11:11:23.967Z] [functions] Runtime ready! Sending request! {"metadata":{"emulator":{"name":"functions"},"message":"[functions] Runtime ready! Sending request!"}}
[debug] [2025-04-22T11:11:23.968Z] [functions] Got req.url=/clone-4333d/us-central1/api/payment/create?total=164097, mapping to path=/payment/create?total=164097 {"metadata":{"emulator":{"name":"functions"},"message":"[functions] Got req.url=/clone-4333d/us-central1/api/payment/create?total=164097, mapping to path=/payment/create?total=164097"}}
[debug] [2025-04-22T11:11:23.968Z] [worker-pool] submitRequest(triggerId=us-central1-api) {"metadata":{"emulator":{"name":"functions"},"message":"[worker-pool] submitRequest(triggerId=us-central1-api)"}}
[info] i  functions: Beginning execution of "us-central1-api" {"metadata":{"emulator":{"name":"functions"},"function":{"name":"us-central1-api"},"extension":{},"message":"Beginning execution of \"us-central1-api\""}}
[debug] [2025-04-22T11:11:23.970Z] [worker-us-central1-api-09f93979-0bdd-4bfa-98a1-04da8b483d22]: BUSY {"metadata":{"emulator":{"name":"functions"},"function":{"name":"us-central1-api"},"extension":{},"message":"[worker-us-central1-api-09f93979-0bdd-4bfa-98a1-04da8b483d22]: BUSY"}}
[debug] [2025-04-22T11:11:24.734Z] Finishing up request with event=pause {"metadata":{"emulator":{"name":"functions"},"function":{"name":"us-central1-api"},"extension":{},"message":"Finishing up request with event=pause"}}
[info] i  functions: Finished "us-central1-api" in 765.0776ms {"metadata":{"emulator":{"name":"functions"},"function":{"name":"us-central1-api"},"extension":{},"message":"Finished \"us-central1-api\" in 765.0776ms"}}
[debug] [2025-04-22T11:11:24.735Z] [worker-us-central1-api-09f93979-0bdd-4bfa-98a1-04da8b483d22]: IDLE {"metadata":{"emulator":{"name":"functions"},"function":{"name":"us-central1-api"},"extension":{},"message":"[worker-us-central1-api-09f93979-0bdd-4bfa-98a1-04da8b483d22]: IDLE"}}
[debug] [2025-04-22T11:11:24.736Z] Finishing up request with event=finish {"metadata":{"emulator":{"name":"functions"},"function":{"name":"us-central1-api"},"extension":{},"message":"Finishing up request with event=finish"}}
[debug] [2025-04-22T11:11:24.736Z] Finishing up request with event=close {"metadata":{"emulator":{"name":"functions"},"function":{"name":"us-central1-api"},"extension":{},"message":"Finishing up request with event=close"}}
[debug] [2025-04-22T11:11:24.736Z] [work-queue] {"queuedWork":[],"queueLength":0,"runningWork":[],"workRunningCount":0}
[debug] [2025-04-22T11:27:39.785Z] [work-queue] {"queuedWork":["/clone-4333d/us-central1/api/payment/create-2025-04-22T11:27:39.785Z"],"queueLength":1,"runningWork":[],"workRunningCount":0}
[debug] [2025-04-22T11:27:39.786Z] [work-queue] {"queuedWork":[],"queueLength":0,"runningWork":["/clone-4333d/us-central1/api/payment/create-2025-04-22T11:27:39.785Z"],"workRunningCount":1}
[debug] [2025-04-22T11:27:39.786Z] Accepted request POST /clone-4333d/us-central1/api/payment/create?total=349698 --> us-central1-api
[debug] [2025-04-22T11:27:39.790Z] [functions] Runtime ready! Sending request! {"metadata":{"emulator":{"name":"functions"},"message":"[functions] Runtime ready! Sending request!"}}
[debug] [2025-04-22T11:27:39.790Z] [functions] Got req.url=/clone-4333d/us-central1/api/payment/create?total=349698, mapping to path=/payment/create?total=349698 {"metadata":{"emulator":{"name":"functions"},"message":"[functions] Got req.url=/clone-4333d/us-central1/api/payment/create?total=349698, mapping to path=/payment/create?total=349698"}}
[debug] [2025-04-22T11:27:39.790Z] [worker-pool] submitRequest(triggerId=us-central1-api) {"metadata":{"emulator":{"name":"functions"},"message":"[worker-pool] submitRequest(triggerId=us-central1-api)"}}
[info] i  functions: Beginning execution of "us-central1-api" {"metadata":{"emulator":{"name":"functions"},"function":{"name":"us-central1-api"},"extension":{},"message":"Beginning execution of \"us-central1-api\""}}
[debug] [2025-04-22T11:27:39.791Z] [worker-us-central1-api-09f93979-0bdd-4bfa-98a1-04da8b483d22]: BUSY {"metadata":{"emulator":{"name":"functions"},"function":{"name":"us-central1-api"},"extension":{},"message":"[worker-us-central1-api-09f93979-0bdd-4bfa-98a1-04da8b483d22]: BUSY"}}
[debug] [2025-04-22T11:27:40.530Z] Finishing up request with event=pause {"metadata":{"emulator":{"name":"functions"},"function":{"name":"us-central1-api"},"extension":{},"message":"Finishing up request with event=pause"}}
[info] i  functions: Finished "us-central1-api" in 739.3087ms {"metadata":{"emulator":{"name":"functions"},"function":{"name":"us-central1-api"},"extension":{},"message":"Finished \"us-central1-api\" in 739.3087ms"}}
[debug] [2025-04-22T11:27:40.532Z] [worker-us-central1-api-09f93979-0bdd-4bfa-98a1-04da8b483d22]: IDLE {"metadata":{"emulator":{"name":"functions"},"function":{"name":"us-central1-api"},"extension":{},"message":"[worker-us-central1-api-09f93979-0bdd-4bfa-98a1-04da8b483d22]: IDLE"}}
[debug] [2025-04-22T11:27:40.532Z] Finishing up request with event=finish {"metadata":{"emulator":{"name":"functions"},"function":{"name":"us-central1-api"},"extension":{},"message":"Finishing up request with event=finish"}}
[debug] [2025-04-22T11:27:40.533Z] Finishing up request with event=close {"metadata":{"emulator":{"name":"functions"},"function":{"name":"us-central1-api"},"extension":{},"message":"Finishing up request with event=close"}}
[debug] [2025-04-22T11:27:40.534Z] [work-queue] {"queuedWork":[],"queueLength":0,"runningWork":[],"workRunningCount":0}
[debug] [2025-04-22T11:30:00.531Z] [work-queue] {"queuedWork":["/clone-4333d/us-central1/api/payment/create-2025-04-22T11:30:00.531Z"],"queueLength":1,"runningWork":[],"workRunningCount":0}
[debug] [2025-04-22T11:30:00.532Z] [work-queue] {"queuedWork":[],"queueLength":0,"runningWork":["/clone-4333d/us-central1/api/payment/create-2025-04-22T11:30:00.531Z"],"workRunningCount":1}
[debug] [2025-04-22T11:30:00.532Z] Accepted request POST /clone-4333d/us-central1/api/payment/create?total=349698 --> us-central1-api
[debug] [2025-04-22T11:30:00.540Z] [functions] Runtime ready! Sending request! {"metadata":{"emulator":{"name":"functions"},"message":"[functions] Runtime ready! Sending request!"}}
[debug] [2025-04-22T11:30:00.541Z] [functions] Got req.url=/clone-4333d/us-central1/api/payment/create?total=349698, mapping to path=/payment/create?total=349698 {"metadata":{"emulator":{"name":"functions"},"message":"[functions] Got req.url=/clone-4333d/us-central1/api/payment/create?total=349698, mapping to path=/payment/create?total=349698"}}
[debug] [2025-04-22T11:30:00.541Z] [worker-pool] submitRequest(triggerId=us-central1-api) {"metadata":{"emulator":{"name":"functions"},"message":"[worker-pool] submitRequest(triggerId=us-central1-api)"}}
[info] i  functions: Beginning execution of "us-central1-api" {"metadata":{"emulator":{"name":"functions"},"function":{"name":"us-central1-api"},"extension":{},"message":"Beginning execution of \"us-central1-api\""}}
[debug] [2025-04-22T11:30:00.543Z] [worker-us-central1-api-09f93979-0bdd-4bfa-98a1-04da8b483d22]: BUSY {"metadata":{"emulator":{"name":"functions"},"function":{"name":"us-central1-api"},"extension":{},"message":"[worker-us-central1-api-09f93979-0bdd-4bfa-98a1-04da8b483d22]: BUSY"}}
[debug] [2025-04-22T11:30:01.373Z] Finishing up request with event=pause {"metadata":{"emulator":{"name":"functions"},"function":{"name":"us-central1-api"},"extension":{},"message":"Finishing up request with event=pause"}}
[info] i  functions: Finished "us-central1-api" in 830.471ms {"metadata":{"emulator":{"name":"functions"},"function":{"name":"us-central1-api"},"extension":{},"message":"Finished \"us-central1-api\" in 830.471ms"}}
[debug] [2025-04-22T11:30:01.375Z] [worker-us-central1-api-09f93979-0bdd-4bfa-98a1-04da8b483d22]: IDLE {"metadata":{"emulator":{"name":"functions"},"function":{"name":"us-central1-api"},"extension":{},"message":"[worker-us-central1-api-09f93979-0bdd-4bfa-98a1-04da8b483d22]: IDLE"}}
[debug] [2025-04-22T11:30:01.375Z] Finishing up request with event=finish {"metadata":{"emulator":{"name":"functions"},"function":{"name":"us-central1-api"},"extension":{},"message":"Finishing up request with event=finish"}}
[debug] [2025-04-22T11:30:01.376Z] Finishing up request with event=close {"metadata":{"emulator":{"name":"functions"},"function":{"name":"us-central1-api"},"extension":{},"message":"Finishing up request with event=close"}}
[debug] [2025-04-22T11:30:01.376Z] [work-queue] {"queuedWork":[],"queueLength":0,"runningWork":[],"workRunningCount":0}
[debug] [2025-04-22T12:39:29.006Z] [work-queue] {"queuedWork":["/clone-4333d/us-central1/api/payment/create-2025-04-22T12:39:29.005Z"],"queueLength":1,"runningWork":[],"workRunningCount":0}
[debug] [2025-04-22T12:39:29.012Z] [work-queue] {"queuedWork":[],"queueLength":0,"runningWork":["/clone-4333d/us-central1/api/payment/create-2025-04-22T12:39:29.005Z"],"workRunningCount":1}
[debug] [2025-04-22T12:39:29.012Z] Accepted request POST /clone-4333d/us-central1/api/payment/create?total=141198 --> us-central1-api
[debug] [2025-04-22T12:39:29.025Z] [functions] Runtime ready! Sending request! {"metadata":{"emulator":{"name":"functions"},"message":"[functions] Runtime ready! Sending request!"}}
[debug] [2025-04-22T12:39:29.026Z] [functions] Got req.url=/clone-4333d/us-central1/api/payment/create?total=141198, mapping to path=/payment/create?total=141198 {"metadata":{"emulator":{"name":"functions"},"message":"[functions] Got req.url=/clone-4333d/us-central1/api/payment/create?total=141198, mapping to path=/payment/create?total=141198"}}
[debug] [2025-04-22T12:39:29.027Z] [worker-pool] submitRequest(triggerId=us-central1-api) {"metadata":{"emulator":{"name":"functions"},"message":"[worker-pool] submitRequest(triggerId=us-central1-api)"}}
[info] i  functions: Beginning execution of "us-central1-api" {"metadata":{"emulator":{"name":"functions"},"function":{"name":"us-central1-api"},"extension":{},"message":"Beginning execution of \"us-central1-api\""}}
[debug] [2025-04-22T12:39:29.028Z] [worker-us-central1-api-09f93979-0bdd-4bfa-98a1-04da8b483d22]: BUSY {"metadata":{"emulator":{"name":"functions"},"function":{"name":"us-central1-api"},"extension":{},"message":"[worker-us-central1-api-09f93979-0bdd-4bfa-98a1-04da8b483d22]: BUSY"}}
[debug] [2025-04-22T12:39:29.875Z] Finishing up request with event=pause {"metadata":{"emulator":{"name":"functions"},"function":{"name":"us-central1-api"},"extension":{},"message":"Finishing up request with event=pause"}}
[info] i  functions: Finished "us-central1-api" in 847.3029ms {"metadata":{"emulator":{"name":"functions"},"function":{"name":"us-central1-api"},"extension":{},"message":"Finished \"us-central1-api\" in 847.3029ms"}}
[debug] [2025-04-22T12:39:29.877Z] [worker-us-central1-api-09f93979-0bdd-4bfa-98a1-04da8b483d22]: IDLE {"metadata":{"emulator":{"name":"functions"},"function":{"name":"us-central1-api"},"extension":{},"message":"[worker-us-central1-api-09f93979-0bdd-4bfa-98a1-04da8b483d22]: IDLE"}}
[debug] [2025-04-22T12:39:29.878Z] Finishing up request with event=finish {"metadata":{"emulator":{"name":"functions"},"function":{"name":"us-central1-api"},"extension":{},"message":"Finishing up request with event=finish"}}
[debug] [2025-04-22T12:39:29.878Z] Finishing up request with event=close {"metadata":{"emulator":{"name":"functions"},"function":{"name":"us-central1-api"},"extension":{},"message":"Finishing up request with event=close"}}
[debug] [2025-04-22T12:39:29.879Z] [work-queue] {"queuedWork":[],"queueLength":0,"runningWork":[],"workRunningCount":0}
[debug] [2025-04-22T12:47:13.674Z] [work-queue] {"queuedWork":["/clone-4333d/us-central1/api/payment/create-2025-04-22T12:47:13.674Z"],"queueLength":1,"runningWork":[],"workRunningCount":0}
[debug] [2025-04-22T12:47:13.675Z] [work-queue] {"queuedWork":[],"queueLength":0,"runningWork":["/clone-4333d/us-central1/api/payment/create-2025-04-22T12:47:13.674Z"],"workRunningCount":1}
[debug] [2025-04-22T12:47:13.675Z] Accepted request POST /clone-4333d/us-central1/api/payment/create?total=21054.000000000004 --> us-central1-api
[debug] [2025-04-22T12:47:13.680Z] [functions] Runtime ready! Sending request! {"metadata":{"emulator":{"name":"functions"},"message":"[functions] Runtime ready! Sending request!"}}
[debug] [2025-04-22T12:47:13.680Z] [functions] Got req.url=/clone-4333d/us-central1/api/payment/create?total=21054.000000000004, mapping to path=/payment/create?total=21054.000000000004 {"metadata":{"emulator":{"name":"functions"},"message":"[functions] Got req.url=/clone-4333d/us-central1/api/payment/create?total=21054.000000000004, mapping to path=/payment/create?total=21054.000000000004"}}
[debug] [2025-04-22T12:47:13.680Z] [worker-pool] submitRequest(triggerId=us-central1-api) {"metadata":{"emulator":{"name":"functions"},"message":"[worker-pool] submitRequest(triggerId=us-central1-api)"}}
[info] i  functions: Beginning execution of "us-central1-api" {"metadata":{"emulator":{"name":"functions"},"function":{"name":"us-central1-api"},"extension":{},"message":"Beginning execution of \"us-central1-api\""}}
[debug] [2025-04-22T12:47:13.681Z] [worker-us-central1-api-09f93979-0bdd-4bfa-98a1-04da8b483d22]: BUSY {"metadata":{"emulator":{"name":"functions"},"function":{"name":"us-central1-api"},"extension":{},"message":"[worker-us-central1-api-09f93979-0bdd-4bfa-98a1-04da8b483d22]: BUSY"}}
[debug] [2025-04-22T12:47:14.479Z] Finishing up request with event=pause {"metadata":{"emulator":{"name":"functions"},"function":{"name":"us-central1-api"},"extension":{},"message":"Finishing up request with event=pause"}}
[info] i  functions: Finished "us-central1-api" in 799.0052ms {"metadata":{"emulator":{"name":"functions"},"function":{"name":"us-central1-api"},"extension":{},"message":"Finished \"us-central1-api\" in 799.0052ms"}}
[debug] [2025-04-22T12:47:14.482Z] [worker-us-central1-api-09f93979-0bdd-4bfa-98a1-04da8b483d22]: IDLE {"metadata":{"emulator":{"name":"functions"},"function":{"name":"us-central1-api"},"extension":{},"message":"[worker-us-central1-api-09f93979-0bdd-4bfa-98a1-04da8b483d22]: IDLE"}}
[debug] [2025-04-22T12:47:14.483Z] Finishing up request with event=finish {"metadata":{"emulator":{"name":"functions"},"function":{"name":"us-central1-api"},"extension":{},"message":"Finishing up request with event=finish"}}
[debug] [2025-04-22T12:47:14.484Z] Finishing up request with event=close {"metadata":{"emulator":{"name":"functions"},"function":{"name":"us-central1-api"},"extension":{},"message":"Finishing up request with event=close"}}
[debug] [2025-04-22T12:47:14.484Z] [work-queue] {"queuedWork":[],"queueLength":0,"runningWork":[],"workRunningCount":0}
[debug] [2025-04-22T13:12:26.824Z] File C:\Users\HP\Desktop\Evangadi\Phase_4\AmazonClone\amazon-clone\functions\index.js changed, reloading triggers {"metadata":{"emulator":{"name":"functions"},"message":"File C:\\Users\\HP\\Desktop\\Evangadi\\Phase_4\\AmazonClone\\amazon-clone\\functions\\index.js changed, reloading triggers"}}
[debug] [2025-04-22T13:12:27.843Z] Validating nodejs source
[debug] [2025-04-22T13:12:30.238Z] > [functions] package.json contents: {
  "name": "functions",
  "description": "Cloud Functions for Firebase",
  "scripts": {
    "serve": "firebase emulators:start --only functions",
    "shell": "firebase functions:shell",
    "start": "npm run shell",
    "deploy": "firebase deploy --only functions",
    "logs": "firebase functions:log"
  },
  "engines": {
    "node": "22"
  },
  "main": "index.js",
  "dependencies": {
    "cors": "^2.8.5",
    "dotenv": "^16.5.0",
    "express": "^5.1.0",
    "firebase-admin": "^12.6.0",
    "firebase-functions": "^6.0.1",
    "stripe": "^18.0.0"
  },
  "devDependencies": {
    "firebase-functions-test": "^3.1.0"
  },
  "private": true
}
[debug] [2025-04-22T13:12:30.238Z] Building nodejs source
[debug] [2025-04-22T13:12:30.238Z] Failed to find version of module node: reached end of search path C:\Users\HP\Desktop\Evangadi\Phase_4\AmazonClone\amazon-clone\functions\node_modules
[info] +  functions: Using node@22 from host. 
[info] i  functions: Loaded environment variables from .env. 
[debug] [2025-04-22T13:12:30.247Z] Could not find functions.yaml. Must use http discovery
[debug] [2025-04-22T13:12:30.262Z] Found firebase-functions binary at 'C:\Users\HP\Desktop\Evangadi\Phase_4\AmazonClone\amazon-clone\functions\node_modules\.bin\firebase-functions'
